[INFO] Starting setup for Jetson Nano (JetPack 4.6.x) or dev environment (x86_64)...
[INFO] Updating system packages...

WARNING: apt does not have a stable CLI interface. Use with caution in scripts.

Reading package lists...
Building dependency tree...
Reading state information...
Calculating upgrade...
Get more security updates through Ubuntu Pro with 'esm-apps' enabled:
  libzvbi-common libzbar0 libavdevice58 ffmpeg libopenexr25 libpostproc55
  libsoup-3.0-0 libavcodec58 libavutil56 libswscale5 libswresample3
  libsoup-3.0-common libavformat58 libzvbi0 libde265-0 libavfilter7
Learn more about Ubuntu Pro at https://ubuntu.com/pro
0 upgraded, 0 newly installed, 0 to remove and 0 not upgraded.
[ERROR] Cancelled library selection.
[INFO] Starting setup for Jetson Nano (JetPack 4.6.x) or dev environment (x86_64)...
[INFO] Updating system packages...

WARNING: apt does not have a stable CLI interface. Use with caution in scripts.

Reading package lists...
Building dependency tree...
Reading state information...
Calculating upgrade...
Get more security updates through Ubuntu Pro with 'esm-apps' enabled:
  libzvbi-common libzbar0 libavdevice58 ffmpeg libopenexr25 libpostproc55
  libsoup-3.0-0 libavcodec58 libavutil56 libswscale5 libswresample3
  libsoup-3.0-common libavformat58 libzvbi0 libde265-0 libavfilter7
Learn more about Ubuntu Pro at https://ubuntu.com/pro
0 upgraded, 0 newly installed, 0 to remove and 0 not upgraded.
[INFO] Cancelled feature selection.
[INFO] Starting setup for Jetson Nano (JetPack 4.6.x) or dev environment (x86_64)...
[INFO] Updating system packages...

WARNING: apt does not have a stable CLI interface. Use with caution in scripts.

Reading package lists...
Building dependency tree...
Reading state information...
Calculating upgrade...
Get more security updates through Ubuntu Pro with 'esm-apps' enabled:
  libzvbi-common libzbar0 libavdevice58 ffmpeg libopenexr25 libpostproc55
  libsoup-3.0-0 libavcodec58 libavutil56 libswscale5 libswresample3
  libsoup-3.0-common libavformat58 libzvbi0 libde265-0 libavfilter7
Learn more about Ubuntu Pro at https://ubuntu.com/pro
0 upgraded, 0 newly installed, 0 to remove and 0 not upgraded.
[INFO] Cancelled feature selection.
